<?xml version="1.0" encoding="UTF-8"?>
<!-- Generated by org.testng.reporters.JUnitXMLReporter -->
<testsuite ignored="0" hostname="DESKTOP-9O461PG" failures="0" tests="5" name="Test" time="48.523" errors="0" timestamp="2021-03-21T07:58:14 IST">
  <testcase classname="com.tests.TestNG" name="getDriver" time="7.77"/>
  <testcase classname="com.tests.TestNG" name="getGoogleSignIn" time="22.218"/>
  <testcase classname="com.tests.TestNG" name="getPopularUsedCars" time="8.377"/>
  <testcase classname="com.tests.TestNG" name="getUpcomingBikes" time="8.391"/>
  <testcase classname="com.tests.TestNG" name="closeApplication" time="1.717"/>
</testsuite> <!-- Test -->
