<?xml version="1.0" encoding="UTF-8"?>
<testng-results ignored="0" total="5" passed="5" failed="0" skipped="0">
  <reporter-output>
  </reporter-output>
  <suite started-at="2021-03-21T07:57:25 IST" name="Suite" finished-at="2021-03-21T07:58:14 IST" duration-ms="48523">
    <groups>
    </groups>
    <test started-at="2021-03-21T07:57:25 IST" name="Test" finished-at="2021-03-21T07:58:14 IST" duration-ms="48523">
      <class name="com.tests.TestNG">
        <test-method signature="getDriver()[pri:0, instance:com.tests.TestNG@5b7a7f33]" started-at="2021-03-21T07:57:25 IST" name="getDriver" finished-at="2021-03-21T07:57:33 IST" duration-ms="7770" status="PASS">
          <reporter-output>
          </reporter-output>
        </test-method> <!-- getDriver -->
        <test-method signature="getGoogleSignIn()[pri:0, instance:com.tests.TestNG@5b7a7f33]" started-at="2021-03-21T07:57:33 IST" name="getGoogleSignIn" finished-at="2021-03-21T07:57:55 IST" depends-on-methods="com.tests.TestNG.getDriver" duration-ms="22218" status="PASS">
          <reporter-output>
          </reporter-output>
        </test-method> <!-- getGoogleSignIn -->
        <test-method signature="getPopularUsedCars()[pri:0, instance:com.tests.TestNG@5b7a7f33]" started-at="2021-03-21T07:57:55 IST" name="getPopularUsedCars" finished-at="2021-03-21T07:58:03 IST" depends-on-methods="com.tests.TestNG.getGoogleSignIn" duration-ms="8377" status="PASS">
          <reporter-output>
          </reporter-output>
        </test-method> <!-- getPopularUsedCars -->
        <test-method signature="getUpcomingBikes()[pri:0, instance:com.tests.TestNG@5b7a7f33]" started-at="2021-03-21T07:58:03 IST" name="getUpcomingBikes" finished-at="2021-03-21T07:58:12 IST" depends-on-methods="com.tests.TestNG.getPopularUsedCars" duration-ms="8391" status="PASS">
          <reporter-output>
          </reporter-output>
        </test-method> <!-- getUpcomingBikes -->
        <test-method signature="closeApplication()[pri:0, instance:com.tests.TestNG@5b7a7f33]" started-at="2021-03-21T07:58:12 IST" name="closeApplication" finished-at="2021-03-21T07:58:14 IST" depends-on-methods="com.tests.TestNG.getUpcomingBikes" duration-ms="1717" status="PASS">
          <reporter-output>
          </reporter-output>
        </test-method> <!-- closeApplication -->
      </class> <!-- com.tests.TestNG -->
    </test> <!-- Test -->
  </suite> <!-- Suite -->
</testng-results>
